ERROR - 2022-05-05 07:31:43 --> You have an error in your SQL syntax; check the manual that corresponds to your MariaDB server version for the right syntax to use near 'and workLocation=' at line 1
CRITICAL - 2022-05-05 07:31:43 --> You have an error in your SQL syntax; check the manual that corresponds to your MariaDB server version for the right syntax to use near 'and workLocation=' at line 1
#0 /var/www/vhosts/samug.in/httpdocs/jobs/system/Database/MySQLi/Connection.php(292): mysqli->query()
#1 /var/www/vhosts/samug.in/httpdocs/jobs/system/Database/BaseConnection.php(670): CodeIgniter\Database\MySQLi\Connection->execute()
#2 /var/www/vhosts/samug.in/httpdocs/jobs/system/Database/BaseConnection.php(598): CodeIgniter\Database\BaseConnection->simpleQuery()
#3 /var/www/vhosts/samug.in/httpdocs/jobs/app/Models/Common_model.php(69): CodeIgniter\Database\BaseConnection->query()
#4 /var/www/vhosts/samug.in/httpdocs/jobs/app/Controllers/Home.php(110): App\Models\Common_model->selectedCategory()
#5 /var/www/vhosts/samug.in/httpdocs/jobs/system/CodeIgniter.php(832): App\Controllers\Home->updatedJobs()
#6 /var/www/vhosts/samug.in/httpdocs/jobs/system/CodeIgniter.php(419): CodeIgniter\CodeIgniter->runController()
#7 /var/www/vhosts/samug.in/httpdocs/jobs/system/CodeIgniter.php(326): CodeIgniter\CodeIgniter->handleRequest()
#8 /var/www/vhosts/samug.in/httpdocs/jobs/index.php(37): CodeIgniter\CodeIgniter->run()
#9 {main}
ERROR - 2022-05-05 07:32:19 --> You have an error in your SQL syntax; check the manual that corresponds to your MariaDB server version for the right syntax to use near 'and workLocation=' at line 1
CRITICAL - 2022-05-05 07:32:19 --> You have an error in your SQL syntax; check the manual that corresponds to your MariaDB server version for the right syntax to use near 'and workLocation=' at line 1
#0 /var/www/vhosts/samug.in/httpdocs/jobs/system/Database/MySQLi/Connection.php(292): mysqli->query()
#1 /var/www/vhosts/samug.in/httpdocs/jobs/system/Database/BaseConnection.php(670): CodeIgniter\Database\MySQLi\Connection->execute()
#2 /var/www/vhosts/samug.in/httpdocs/jobs/system/Database/BaseConnection.php(598): CodeIgniter\Database\BaseConnection->simpleQuery()
#3 /var/www/vhosts/samug.in/httpdocs/jobs/app/Models/Common_model.php(69): CodeIgniter\Database\BaseConnection->query()
#4 /var/www/vhosts/samug.in/httpdocs/jobs/app/Controllers/Home.php(110): App\Models\Common_model->selectedCategory()
#5 /var/www/vhosts/samug.in/httpdocs/jobs/system/CodeIgniter.php(832): App\Controllers\Home->updatedJobs()
#6 /var/www/vhosts/samug.in/httpdocs/jobs/system/CodeIgniter.php(419): CodeIgniter\CodeIgniter->runController()
#7 /var/www/vhosts/samug.in/httpdocs/jobs/system/CodeIgniter.php(326): CodeIgniter\CodeIgniter->handleRequest()
#8 /var/www/vhosts/samug.in/httpdocs/jobs/index.php(37): CodeIgniter\CodeIgniter->run()
#9 {main}
ERROR - 2022-05-05 07:32:20 --> You have an error in your SQL syntax; check the manual that corresponds to your MariaDB server version for the right syntax to use near 'and workLocation=' at line 1
CRITICAL - 2022-05-05 07:32:20 --> You have an error in your SQL syntax; check the manual that corresponds to your MariaDB server version for the right syntax to use near 'and workLocation=' at line 1
#0 /var/www/vhosts/samug.in/httpdocs/jobs/system/Database/MySQLi/Connection.php(292): mysqli->query()
#1 /var/www/vhosts/samug.in/httpdocs/jobs/system/Database/BaseConnection.php(670): CodeIgniter\Database\MySQLi\Connection->execute()
#2 /var/www/vhosts/samug.in/httpdocs/jobs/system/Database/BaseConnection.php(598): CodeIgniter\Database\BaseConnection->simpleQuery()
#3 /var/www/vhosts/samug.in/httpdocs/jobs/app/Models/Common_model.php(69): CodeIgniter\Database\BaseConnection->query()
#4 /var/www/vhosts/samug.in/httpdocs/jobs/app/Controllers/Home.php(110): App\Models\Common_model->selectedCategory()
#5 /var/www/vhosts/samug.in/httpdocs/jobs/system/CodeIgniter.php(832): App\Controllers\Home->updatedJobs()
#6 /var/www/vhosts/samug.in/httpdocs/jobs/system/CodeIgniter.php(419): CodeIgniter\CodeIgniter->runController()
#7 /var/www/vhosts/samug.in/httpdocs/jobs/system/CodeIgniter.php(326): CodeIgniter\CodeIgniter->handleRequest()
#8 /var/www/vhosts/samug.in/httpdocs/jobs/index.php(37): CodeIgniter\CodeIgniter->run()
#9 {main}
ERROR - 2022-05-05 07:32:21 --> You have an error in your SQL syntax; check the manual that corresponds to your MariaDB server version for the right syntax to use near 'and workLocation=' at line 1
CRITICAL - 2022-05-05 07:32:21 --> You have an error in your SQL syntax; check the manual that corresponds to your MariaDB server version for the right syntax to use near 'and workLocation=' at line 1
#0 /var/www/vhosts/samug.in/httpdocs/jobs/system/Database/MySQLi/Connection.php(292): mysqli->query()
#1 /var/www/vhosts/samug.in/httpdocs/jobs/system/Database/BaseConnection.php(670): CodeIgniter\Database\MySQLi\Connection->execute()
#2 /var/www/vhosts/samug.in/httpdocs/jobs/system/Database/BaseConnection.php(598): CodeIgniter\Database\BaseConnection->simpleQuery()
#3 /var/www/vhosts/samug.in/httpdocs/jobs/app/Models/Common_model.php(69): CodeIgniter\Database\BaseConnection->query()
#4 /var/www/vhosts/samug.in/httpdocs/jobs/app/Controllers/Home.php(110): App\Models\Common_model->selectedCategory()
#5 /var/www/vhosts/samug.in/httpdocs/jobs/system/CodeIgniter.php(832): App\Controllers\Home->updatedJobs()
#6 /var/www/vhosts/samug.in/httpdocs/jobs/system/CodeIgniter.php(419): CodeIgniter\CodeIgniter->runController()
#7 /var/www/vhosts/samug.in/httpdocs/jobs/system/CodeIgniter.php(326): CodeIgniter\CodeIgniter->handleRequest()
#8 /var/www/vhosts/samug.in/httpdocs/jobs/index.php(37): CodeIgniter\CodeIgniter->run()
#9 {main}
ERROR - 2022-05-05 07:32:21 --> You have an error in your SQL syntax; check the manual that corresponds to your MariaDB server version for the right syntax to use near 'and workLocation=' at line 1
CRITICAL - 2022-05-05 07:32:21 --> You have an error in your SQL syntax; check the manual that corresponds to your MariaDB server version for the right syntax to use near 'and workLocation=' at line 1
#0 /var/www/vhosts/samug.in/httpdocs/jobs/system/Database/MySQLi/Connection.php(292): mysqli->query()
#1 /var/www/vhosts/samug.in/httpdocs/jobs/system/Database/BaseConnection.php(670): CodeIgniter\Database\MySQLi\Connection->execute()
#2 /var/www/vhosts/samug.in/httpdocs/jobs/system/Database/BaseConnection.php(598): CodeIgniter\Database\BaseConnection->simpleQuery()
#3 /var/www/vhosts/samug.in/httpdocs/jobs/app/Models/Common_model.php(69): CodeIgniter\Database\BaseConnection->query()
#4 /var/www/vhosts/samug.in/httpdocs/jobs/app/Controllers/Home.php(110): App\Models\Common_model->selectedCategory()
#5 /var/www/vhosts/samug.in/httpdocs/jobs/system/CodeIgniter.php(832): App\Controllers\Home->updatedJobs()
#6 /var/www/vhosts/samug.in/httpdocs/jobs/system/CodeIgniter.php(419): CodeIgniter\CodeIgniter->runController()
#7 /var/www/vhosts/samug.in/httpdocs/jobs/system/CodeIgniter.php(326): CodeIgniter\CodeIgniter->handleRequest()
#8 /var/www/vhosts/samug.in/httpdocs/jobs/index.php(37): CodeIgniter\CodeIgniter->run()
#9 {main}
