CRITICAL - 2022-04-26 02:29:00 --> Undefined variable $cmp_image
#0 C:\xampp\htdocs\ci4\app\Controllers\Home.php(95): CodeIgniter\Debug\Exceptions->errorHandler(2, 'Undefined varia...', 'C:\\xampp\\htdocs...', 95)
#1 C:\xampp\htdocs\ci4\system\CodeIgniter.php(832): App\Controllers\Home->saveUser('12', '0')
#2 C:\xampp\htdocs\ci4\system\CodeIgniter.php(419): CodeIgniter\CodeIgniter->runController(Object(App\Controllers\Home))
#3 C:\xampp\htdocs\ci4\system\CodeIgniter.php(326): CodeIgniter\CodeIgniter->handleRequest(NULL, Object(Config\Cache), false)
#4 C:\xampp\htdocs\ci4\index.php(37): CodeIgniter\CodeIgniter->run()
#5 {main}
CRITICAL - 2022-04-26 02:30:53 --> Undefined variable $cmp_image
#0 C:\xampp\htdocs\ci4\app\Controllers\Home.php(95): CodeIgniter\Debug\Exceptions->errorHandler(2, 'Undefined varia...', 'C:\\xampp\\htdocs...', 95)
#1 C:\xampp\htdocs\ci4\system\CodeIgniter.php(832): App\Controllers\Home->saveUser('12', '0')
#2 C:\xampp\htdocs\ci4\system\CodeIgniter.php(419): CodeIgniter\CodeIgniter->runController(Object(App\Controllers\Home))
#3 C:\xampp\htdocs\ci4\system\CodeIgniter.php(326): CodeIgniter\CodeIgniter->handleRequest(NULL, Object(Config\Cache), false)
#4 C:\xampp\htdocs\ci4\index.php(37): CodeIgniter\CodeIgniter->run()
#5 {main}
CRITICAL - 2022-04-26 02:31:21 --> Undefined variable $cmp_image
#0 C:\xampp\htdocs\ci4\app\Controllers\Home.php(95): CodeIgniter\Debug\Exceptions->errorHandler(2, 'Undefined varia...', 'C:\\xampp\\htdocs...', 95)
#1 C:\xampp\htdocs\ci4\system\CodeIgniter.php(832): App\Controllers\Home->saveUser('12', '0')
#2 C:\xampp\htdocs\ci4\system\CodeIgniter.php(419): CodeIgniter\CodeIgniter->runController(Object(App\Controllers\Home))
#3 C:\xampp\htdocs\ci4\system\CodeIgniter.php(326): CodeIgniter\CodeIgniter->handleRequest(NULL, Object(Config\Cache), false)
#4 C:\xampp\htdocs\ci4\index.php(37): CodeIgniter\CodeIgniter->run()
#5 {main}
CRITICAL - 2022-04-26 02:32:56 --> Undefined variable $cmp_image
#0 C:\xampp\htdocs\ci4\app\Controllers\Home.php(95): CodeIgniter\Debug\Exceptions->errorHandler(2, 'Undefined varia...', 'C:\\xampp\\htdocs...', 95)
#1 C:\xampp\htdocs\ci4\system\CodeIgniter.php(832): App\Controllers\Home->saveUser('12', '0')
#2 C:\xampp\htdocs\ci4\system\CodeIgniter.php(419): CodeIgniter\CodeIgniter->runController(Object(App\Controllers\Home))
#3 C:\xampp\htdocs\ci4\system\CodeIgniter.php(326): CodeIgniter\CodeIgniter->handleRequest(NULL, Object(Config\Cache), false)
#4 C:\xampp\htdocs\ci4\index.php(37): CodeIgniter\CodeIgniter->run()
#5 {main}
CRITICAL - 2022-04-26 02:33:21 --> Undefined variable $cmp_image
#0 C:\xampp\htdocs\ci4\app\Controllers\Home.php(95): CodeIgniter\Debug\Exceptions->errorHandler(2, 'Undefined varia...', 'C:\\xampp\\htdocs...', 95)
#1 C:\xampp\htdocs\ci4\system\CodeIgniter.php(832): App\Controllers\Home->saveUser('12', '0')
#2 C:\xampp\htdocs\ci4\system\CodeIgniter.php(419): CodeIgniter\CodeIgniter->runController(Object(App\Controllers\Home))
#3 C:\xampp\htdocs\ci4\system\CodeIgniter.php(326): CodeIgniter\CodeIgniter->handleRequest(NULL, Object(Config\Cache), false)
#4 C:\xampp\htdocs\ci4\index.php(37): CodeIgniter\CodeIgniter->run()
#5 {main}
ERROR - 2022-04-26 03:05:29 --> Column 'address' cannot be null
CRITICAL - 2022-04-26 03:05:29 --> Column 'address' cannot be null
#0 C:\xampp\htdocs\ci4\system\Database\MySQLi\Connection.php(292): mysqli->query('INSERT INTO `ap...', 0)
#1 C:\xampp\htdocs\ci4\system\Database\BaseConnection.php(670): CodeIgniter\Database\MySQLi\Connection->execute('INSERT INTO `ap...')
#2 C:\xampp\htdocs\ci4\system\Database\BaseConnection.php(598): CodeIgniter\Database\BaseConnection->simpleQuery('INSERT INTO `ap...')
#3 C:\xampp\htdocs\ci4\system\Database\BaseBuilder.php(1771): CodeIgniter\Database\BaseConnection->query('INSERT INTO `ap...', Array, false)
#4 C:\xampp\htdocs\ci4\app\Models\Common_model.php(63): CodeIgniter\Database\BaseBuilder->insert(Array)
#5 C:\xampp\htdocs\ci4\app\Controllers\Home.php(99): App\Models\Common_model->ApplicationData('applicationform', Array)
#6 C:\xampp\htdocs\ci4\system\CodeIgniter.php(832): App\Controllers\Home->saveUser('12', '0')
#7 C:\xampp\htdocs\ci4\system\CodeIgniter.php(419): CodeIgniter\CodeIgniter->runController(Object(App\Controllers\Home))
#8 C:\xampp\htdocs\ci4\system\CodeIgniter.php(326): CodeIgniter\CodeIgniter->handleRequest(NULL, Object(Config\Cache), false)
#9 C:\xampp\htdocs\ci4\index.php(37): CodeIgniter\CodeIgniter->run()
#10 {main}
ERROR - 2022-04-26 03:06:05 --> Unknown column 'address' in 'field list'
CRITICAL - 2022-04-26 03:06:05 --> Unknown column 'address' in 'field list'
#0 C:\xampp\htdocs\ci4\system\Database\MySQLi\Connection.php(292): mysqli->query('INSERT INTO `ap...', 0)
#1 C:\xampp\htdocs\ci4\system\Database\BaseConnection.php(670): CodeIgniter\Database\MySQLi\Connection->execute('INSERT INTO `ap...')
#2 C:\xampp\htdocs\ci4\system\Database\BaseConnection.php(598): CodeIgniter\Database\BaseConnection->simpleQuery('INSERT INTO `ap...')
#3 C:\xampp\htdocs\ci4\system\Database\BaseBuilder.php(1771): CodeIgniter\Database\BaseConnection->query('INSERT INTO `ap...', Array, false)
#4 C:\xampp\htdocs\ci4\app\Models\Common_model.php(63): CodeIgniter\Database\BaseBuilder->insert(Array)
#5 C:\xampp\htdocs\ci4\app\Controllers\Home.php(99): App\Models\Common_model->ApplicationData('applicationform', Array)
#6 C:\xampp\htdocs\ci4\system\CodeIgniter.php(832): App\Controllers\Home->saveUser('12', '0')
#7 C:\xampp\htdocs\ci4\system\CodeIgniter.php(419): CodeIgniter\CodeIgniter->runController(Object(App\Controllers\Home))
#8 C:\xampp\htdocs\ci4\system\CodeIgniter.php(326): CodeIgniter\CodeIgniter->handleRequest(NULL, Object(Config\Cache), false)
#9 C:\xampp\htdocs\ci4\index.php(37): CodeIgniter\CodeIgniter->run()
#10 {main}
ERROR - 2022-04-26 08:33:52 --> You have an error in your SQL syntax; check the manual that corresponds to your MariaDB server version for the right syntax to use near 'Features and workLocation=Select Option' at line 1
CRITICAL - 2022-04-26 08:33:52 --> You have an error in your SQL syntax; check the manual that corresponds to your MariaDB server version for the right syntax to use near 'Features and workLocation=Select Option' at line 1
#0 C:\xampp\htdocs\ci4\system\Database\MySQLi\Connection.php(292): mysqli->query('SELECT * FROM `...', 0)
#1 C:\xampp\htdocs\ci4\system\Database\BaseConnection.php(670): CodeIgniter\Database\MySQLi\Connection->execute('SELECT * FROM `...')
#2 C:\xampp\htdocs\ci4\system\Database\BaseConnection.php(598): CodeIgniter\Database\BaseConnection->simpleQuery('SELECT * FROM `...')
#3 C:\xampp\htdocs\ci4\app\Models\Common_model.php(69): CodeIgniter\Database\BaseConnection->query('SELECT * FROM `...')
#4 C:\xampp\htdocs\ci4\app\Controllers\Home.php(107): App\Models\Common_model->selectedCategory('Choose Features', 'Select Option')
#5 C:\xampp\htdocs\ci4\system\CodeIgniter.php(832): App\Controllers\Home->updatedJobs()
#6 C:\xampp\htdocs\ci4\system\CodeIgniter.php(419): CodeIgniter\CodeIgniter->runController(Object(App\Controllers\Home))
#7 C:\xampp\htdocs\ci4\system\CodeIgniter.php(326): CodeIgniter\CodeIgniter->handleRequest(NULL, Object(Config\Cache), false)
#8 C:\xampp\htdocs\ci4\index.php(37): CodeIgniter\CodeIgniter->run()
#9 {main}
ERROR - 2022-04-26 23:20:32 --> You have an error in your SQL syntax; check the manual that corresponds to your MariaDB server version for the right syntax to use near 'Features and workLocation=Select Option' at line 1
CRITICAL - 2022-04-26 23:20:32 --> You have an error in your SQL syntax; check the manual that corresponds to your MariaDB server version for the right syntax to use near 'Features and workLocation=Select Option' at line 1
#0 C:\xampp\htdocs\ci4\system\Database\MySQLi\Connection.php(292): mysqli->query('SELECT * FROM `...', 0)
#1 C:\xampp\htdocs\ci4\system\Database\BaseConnection.php(670): CodeIgniter\Database\MySQLi\Connection->execute('SELECT * FROM `...')
#2 C:\xampp\htdocs\ci4\system\Database\BaseConnection.php(598): CodeIgniter\Database\BaseConnection->simpleQuery('SELECT * FROM `...')
#3 C:\xampp\htdocs\ci4\app\Models\Common_model.php(69): CodeIgniter\Database\BaseConnection->query('SELECT * FROM `...')
#4 C:\xampp\htdocs\ci4\app\Controllers\Home.php(107): App\Models\Common_model->selectedCategory('Choose Features', 'Select Option')
#5 C:\xampp\htdocs\ci4\system\CodeIgniter.php(832): App\Controllers\Home->updatedJobs()
#6 C:\xampp\htdocs\ci4\system\CodeIgniter.php(419): CodeIgniter\CodeIgniter->runController(Object(App\Controllers\Home))
#7 C:\xampp\htdocs\ci4\system\CodeIgniter.php(326): CodeIgniter\CodeIgniter->handleRequest(NULL, Object(Config\Cache), false)
#8 C:\xampp\htdocs\ci4\index.php(37): CodeIgniter\CodeIgniter->run()
#9 {main}
ERROR - 2022-04-26 23:22:57 --> You have an error in your SQL syntax; check the manual that corresponds to your MariaDB server version for the right syntax to use near 'Features and workLocation=Select Option' at line 1
CRITICAL - 2022-04-26 23:22:57 --> You have an error in your SQL syntax; check the manual that corresponds to your MariaDB server version for the right syntax to use near 'Features and workLocation=Select Option' at line 1
#0 C:\xampp\htdocs\ci4\system\Database\MySQLi\Connection.php(292): mysqli->query('SELECT * FROM `...', 0)
#1 C:\xampp\htdocs\ci4\system\Database\BaseConnection.php(670): CodeIgniter\Database\MySQLi\Connection->execute('SELECT * FROM `...')
#2 C:\xampp\htdocs\ci4\system\Database\BaseConnection.php(598): CodeIgniter\Database\BaseConnection->simpleQuery('SELECT * FROM `...')
#3 C:\xampp\htdocs\ci4\app\Models\Common_model.php(69): CodeIgniter\Database\BaseConnection->query('SELECT * FROM `...')
#4 C:\xampp\htdocs\ci4\app\Controllers\Home.php(107): App\Models\Common_model->selectedCategory('Choose Features', 'Select Option')
#5 C:\xampp\htdocs\ci4\system\CodeIgniter.php(832): App\Controllers\Home->updatedJobs()
#6 C:\xampp\htdocs\ci4\system\CodeIgniter.php(419): CodeIgniter\CodeIgniter->runController(Object(App\Controllers\Home))
#7 C:\xampp\htdocs\ci4\system\CodeIgniter.php(326): CodeIgniter\CodeIgniter->handleRequest(NULL, Object(Config\Cache), false)
#8 C:\xampp\htdocs\ci4\index.php(37): CodeIgniter\CodeIgniter->run()
#9 {main}
ERROR - 2022-04-26 23:23:21 --> You have an error in your SQL syntax; check the manual that corresponds to your MariaDB server version for the right syntax to use near 'Features and workLocation=Select Option' at line 1
CRITICAL - 2022-04-26 23:23:21 --> You have an error in your SQL syntax; check the manual that corresponds to your MariaDB server version for the right syntax to use near 'Features and workLocation=Select Option' at line 1
#0 C:\xampp\htdocs\ci4\system\Database\MySQLi\Connection.php(292): mysqli->query('SELECT * FROM `...', 0)
#1 C:\xampp\htdocs\ci4\system\Database\BaseConnection.php(670): CodeIgniter\Database\MySQLi\Connection->execute('SELECT * FROM `...')
#2 C:\xampp\htdocs\ci4\system\Database\BaseConnection.php(598): CodeIgniter\Database\BaseConnection->simpleQuery('SELECT * FROM `...')
#3 C:\xampp\htdocs\ci4\app\Models\Common_model.php(69): CodeIgniter\Database\BaseConnection->query('SELECT * FROM `...')
#4 C:\xampp\htdocs\ci4\app\Controllers\Home.php(107): App\Models\Common_model->selectedCategory('Choose Features', 'Select Option')
#5 C:\xampp\htdocs\ci4\system\CodeIgniter.php(832): App\Controllers\Home->updatedJobs()
#6 C:\xampp\htdocs\ci4\system\CodeIgniter.php(419): CodeIgniter\CodeIgniter->runController(Object(App\Controllers\Home))
#7 C:\xampp\htdocs\ci4\system\CodeIgniter.php(326): CodeIgniter\CodeIgniter->handleRequest(NULL, Object(Config\Cache), false)
#8 C:\xampp\htdocs\ci4\index.php(37): CodeIgniter\CodeIgniter->run()
#9 {main}
