ERROR - 2022-05-11 00:16:50 --> Error connecting to the database: Access denied for user '****'@'localhost' (using password: YES)
CRITICAL - 2022-05-11 00:16:50 --> Unable to connect to the database.
Main connection [MySQLi]: Access denied for user '****'@'localhost' (using password: YES)
#0 C:\xampp\htdocs\jobs_portal\system\Database\BaseConnection.php(577): CodeIgniter\Database\BaseConnection->initialize()
#1 C:\xampp\htdocs\jobs_portal\system\Database\BaseBuilder.php(1455): CodeIgniter\Database\BaseConnection->query('SELECT *\nFROM `...', Array, false)
#2 C:\xampp\htdocs\jobs_portal\app\Models\Common_model.php(25): CodeIgniter\Database\BaseBuilder->get()
#3 C:\xampp\htdocs\jobs_portal\app\Controllers\Home.php(13): App\Models\Common_model->get_Records('categories')
#4 C:\xampp\htdocs\jobs_portal\system\CodeIgniter.php(832): App\Controllers\Home->Jobs()
#5 C:\xampp\htdocs\jobs_portal\system\CodeIgniter.php(419): CodeIgniter\CodeIgniter->runController(Object(App\Controllers\Home))
#6 C:\xampp\htdocs\jobs_portal\system\CodeIgniter.php(326): CodeIgniter\CodeIgniter->handleRequest(NULL, Object(Config\Cache), false)
#7 C:\xampp\htdocs\jobs_portal\index.php(37): CodeIgniter\CodeIgniter->run()
#8 {main}
ERROR - 2022-05-11 00:18:19 --> Error connecting to the database: Access denied for user '****'@'localhost' (using password: YES)
CRITICAL - 2022-05-11 00:18:19 --> Unable to connect to the database.
Main connection [MySQLi]: Access denied for user '****'@'localhost' (using password: YES)
#0 C:\xampp\htdocs\jobs_portal\system\Database\BaseConnection.php(577): CodeIgniter\Database\BaseConnection->initialize()
#1 C:\xampp\htdocs\jobs_portal\system\Database\BaseBuilder.php(1455): CodeIgniter\Database\BaseConnection->query('SELECT *\nFROM `...', Array, false)
#2 C:\xampp\htdocs\jobs_portal\app\Models\Common_model.php(25): CodeIgniter\Database\BaseBuilder->get()
#3 C:\xampp\htdocs\jobs_portal\app\Controllers\Home.php(13): App\Models\Common_model->get_Records('categories')
#4 C:\xampp\htdocs\jobs_portal\system\CodeIgniter.php(832): App\Controllers\Home->Jobs()
#5 C:\xampp\htdocs\jobs_portal\system\CodeIgniter.php(419): CodeIgniter\CodeIgniter->runController(Object(App\Controllers\Home))
#6 C:\xampp\htdocs\jobs_portal\system\CodeIgniter.php(326): CodeIgniter\CodeIgniter->handleRequest(NULL, Object(Config\Cache), false)
#7 C:\xampp\htdocs\jobs_portal\index.php(37): CodeIgniter\CodeIgniter->run()
#8 {main}
